<?xml version="1.0" encoding="UTF-8"?>
<coverage generated="1644888593843" clover="3.2.0">
  <project timestamp="1644888593844" name="All files">
    <metrics statements="26" coveredstatements="24" conditionals="16" coveredconditionals="14" methods="18" coveredmethods="17" elements="60" coveredelements="55" complexity="0" loc="26" ncloc="26" packages="5" files="5" classes="5"/>
    <package name="compose">
      <metrics statements="3" coveredstatements="3" conditionals="0" coveredconditionals="0" methods="3" coveredmethods="3"/>
      <file name="compose.ts" path="/Users/raulandrade/my-projects/ts-fp/src/compose/compose.ts">
        <metrics statements="3" coveredstatements="3" conditionals="0" coveredconditionals="0" methods="3" coveredmethods="3"/>
        <line num="6" count="1" type="stmt"/>
        <line num="7" count="3" type="stmt"/>
        <line num="8" count="8" type="stmt"/>
      </file>
    </package>
    <package name="debounce">
      <metrics statements="5" coveredstatements="5" conditionals="0" coveredconditionals="0" methods="2" coveredmethods="2"/>
      <file name="debounce.ts" path="/Users/raulandrade/my-projects/ts-fp/src/debounce/debounce.ts">
        <metrics statements="5" coveredstatements="5" conditionals="0" coveredconditionals="0" methods="2" coveredmethods="2"/>
        <line num="6" count="1" type="stmt"/>
        <line num="7" count="2" type="stmt"/>
        <line num="8" count="2" type="stmt"/>
        <line num="9" count="8" type="stmt"/>
        <line num="10" count="8" type="stmt"/>
      </file>
    </package>
    <package name="maybe">
      <metrics statements="12" coveredstatements="10" conditionals="14" coveredconditionals="12" methods="8" coveredmethods="7"/>
      <file name="maybe.ts" path="/Users/raulandrade/my-projects/ts-fp/src/maybe/maybe.ts">
        <metrics statements="12" coveredstatements="10" conditionals="14" coveredconditionals="12" methods="8" coveredmethods="7"/>
        <line num="5" count="10" type="cond" truecount="4" falsecount="0"/>
        <line num="6" count="1" type="stmt"/>
        <line num="9" count="9" type="stmt"/>
        <line num="13" count="2" type="stmt"/>
        <line num="17" count="6" type="cond" truecount="2" falsecount="0"/>
        <line num="21" count="4" type="cond" truecount="2" falsecount="0"/>
        <line num="25" count="7" type="cond" truecount="2" falsecount="0"/>
        <line num="26" count="6" type="stmt"/>
        <line num="30" count="0" type="cond" truecount="0" falsecount="2"/>
        <line num="31" count="0" type="stmt"/>
        <line num="35" count="4" type="cond" truecount="2" falsecount="0"/>
        <line num="36" count="3" type="stmt"/>
      </file>
    </package>
    <package name="pipe">
      <metrics statements="3" coveredstatements="3" conditionals="0" coveredconditionals="0" methods="3" coveredmethods="3"/>
      <file name="pipe.ts" path="/Users/raulandrade/my-projects/ts-fp/src/pipe/pipe.ts">
        <metrics statements="3" coveredstatements="3" conditionals="0" coveredconditionals="0" methods="3" coveredmethods="3"/>
        <line num="6" count="1" type="stmt"/>
        <line num="7" count="3" type="stmt"/>
        <line num="8" count="8" type="stmt"/>
      </file>
    </package>
    <package name="take-until">
      <metrics statements="3" coveredstatements="3" conditionals="2" coveredconditionals="2" methods="2" coveredmethods="2"/>
      <file name="take-until.ts" path="/Users/raulandrade/my-projects/ts-fp/src/take-until/take-until.ts">
        <metrics statements="3" coveredstatements="3" conditionals="2" coveredconditionals="2" methods="2" coveredmethods="2"/>
        <line num="7" count="1" type="stmt"/>
        <line num="8" count="2" type="stmt"/>
        <line num="9" count="10" type="cond" truecount="2" falsecount="0"/>
      </file>
    </package>
  </project>
</coverage>
