{"/Users/raulandrade/my-projects/ts-fp/src/compose/compose.ts": {"path":"/Users/raulandrade/my-projects/ts-fp/src/compose/compose.ts","statementMap":{"0":{"start":{"line":6,"column":2},"end":{"line":8,"column":69}},"1":{"start":{"line":7,"column":2},"end":{"line":8,"column":69}},"2":{"start":{"line":8,"column":4},"end":{"line":8,"column":69}},"3":{"start":{"line":8,"column":44},"end":{"line":8,"column":61}}},"fnMap":{"0":{"name":"(anonymous_0)","decl":{"start":{"line":6,"column":2},"end":{"line":6,"column":3}},"loc":{"start":{"line":7,"column":2},"end":{"line":8,"column":69}},"line":7},"1":{"name":"(anonymous_1)","decl":{"start":{"line":7,"column":2},"end":{"line":7,"column":3}},"loc":{"start":{"line":8,"column":4},"end":{"line":8,"column":69}},"line":8},"2":{"name":"(anonymous_2)","decl":{"start":{"line":8,"column":21},"end":{"line":8,"column":22}},"loc":{"start":{"line":8,"column":44},"end":{"line":8,"column":61}},"line":8}},"branchMap":{},"s":{"0":1,"1":3,"2":3,"3":8},"f":{"0":3,"1":3,"2":8},"b":{},"_coverageSchema":"1a1c01bbd47fc00a2c39e90264f33305004495a9","hash":"aad4681997c8eb07f8a6a0f919568c41c411cf24"}
,"/Users/raulandrade/my-projects/ts-fp/src/debounce/debounce.ts": {"path":"/Users/raulandrade/my-projects/ts-fp/src/debounce/debounce.ts","statementMap":{"0":{"start":{"line":6,"column":42},"end":{"line":12,"column":1}},"1":{"start":{"line":7,"column":14},"end":{"line":7,"column":44}},"2":{"start":{"line":8,"column":2},"end":{"line":11,"column":3}},"3":{"start":{"line":9,"column":4},"end":{"line":9,"column":23}},"4":{"start":{"line":10,"column":4},"end":{"line":10,"column":40}}},"fnMap":{"0":{"name":"(anonymous_0)","decl":{"start":{"line":6,"column":42},"end":{"line":6,"column":43}},"loc":{"start":{"line":6,"column":64},"end":{"line":12,"column":1}},"line":6},"1":{"name":"(anonymous_1)","decl":{"start":{"line":8,"column":9},"end":{"line":8,"column":10}},"loc":{"start":{"line":8,"column":15},"end":{"line":11,"column":3}},"line":8}},"branchMap":{},"s":{"0":1,"1":2,"2":2,"3":8,"4":8},"f":{"0":2,"1":8},"b":{},"_coverageSchema":"1a1c01bbd47fc00a2c39e90264f33305004495a9","hash":"29af35f9f7b35fde1b62d2a2adddcbc50f3c098e"}
,"/Users/raulandrade/my-projects/ts-fp/src/maybe/maybe.ts": {"path":"/Users/raulandrade/my-projects/ts-fp/src/maybe/maybe.ts","statementMap":{"0":{"start":{"line":5,"column":4},"end":{"line":7,"column":5}},"1":{"start":{"line":6,"column":6},"end":{"line":6,"column":54}},"2":{"start":{"line":9,"column":4},"end":{"line":9,"column":28}},"3":{"start":{"line":13,"column":4},"end":{"line":13,"column":30}},"4":{"start":{"line":17,"column":4},"end":{"line":17,"column":55}},"5":{"start":{"line":21,"column":4},"end":{"line":21,"column":59}},"6":{"start":{"line":25,"column":4},"end":{"line":25,"column":52}},"7":{"start":{"line":25,"column":29},"end":{"line":25,"column":52}},"8":{"start":{"line":26,"column":4},"end":{"line":26,"column":43}},"9":{"start":{"line":30,"column":4},"end":{"line":30,"column":52}},"10":{"start":{"line":30,"column":29},"end":{"line":30,"column":52}},"11":{"start":{"line":31,"column":4},"end":{"line":31,"column":26}},"12":{"start":{"line":35,"column":4},"end":{"line":35,"column":46}},"13":{"start":{"line":35,"column":26},"end":{"line":35,"column":46}},"14":{"start":{"line":36,"column":4},"end":{"line":36,"column":22}}},"fnMap":{"0":{"name":"(anonymous_0)","decl":{"start":{"line":2,"column":2},"end":{"line":2,"column":3}},"loc":{"start":{"line":2,"column":39},"end":{"line":2,"column":41}},"line":2},"1":{"name":"(anonymous_1)","decl":{"start":{"line":4,"column":2},"end":{"line":4,"column":3}},"loc":{"start":{"line":4,"column":27},"end":{"line":10,"column":3}},"line":4},"2":{"name":"(anonymous_2)","decl":{"start":{"line":12,"column":2},"end":{"line":12,"column":3}},"loc":{"start":{"line":12,"column":19},"end":{"line":14,"column":3}},"line":12},"3":{"name":"(anonymous_3)","decl":{"start":{"line":16,"column":2},"end":{"line":16,"column":3}},"loc":{"start":{"line":16,"column":32},"end":{"line":18,"column":3}},"line":16},"4":{"name":"(anonymous_4)","decl":{"start":{"line":20,"column":2},"end":{"line":20,"column":3}},"loc":{"start":{"line":20,"column":14},"end":{"line":22,"column":3}},"line":20},"5":{"name":"(anonymous_5)","decl":{"start":{"line":24,"column":2},"end":{"line":24,"column":3}},"loc":{"start":{"line":24,"column":42},"end":{"line":27,"column":3}},"line":24},"6":{"name":"(anonymous_6)","decl":{"start":{"line":29,"column":2},"end":{"line":29,"column":3}},"loc":{"start":{"line":29,"column":53},"end":{"line":32,"column":3}},"line":29},"7":{"name":"(anonymous_7)","decl":{"start":{"line":34,"column":2},"end":{"line":34,"column":3}},"loc":{"start":{"line":34,"column":29},"end":{"line":37,"column":3}},"line":34}},"branchMap":{"0":{"loc":{"start":{"line":5,"column":4},"end":{"line":7,"column":5}},"type":"if","locations":[{"start":{"line":5,"column":4},"end":{"line":7,"column":5}},{"start":{},"end":{}}],"line":5},"1":{"loc":{"start":{"line":5,"column":8},"end":{"line":5,"column":45}},"type":"binary-expr","locations":[{"start":{"line":5,"column":8},"end":{"line":5,"column":22}},{"start":{"line":5,"column":26},"end":{"line":5,"column":45}}],"line":5},"2":{"loc":{"start":{"line":17,"column":11},"end":{"line":17,"column":54}},"type":"cond-expr","locations":[{"start":{"line":17,"column":19},"end":{"line":17,"column":36}},{"start":{"line":17,"column":39},"end":{"line":17,"column":54}}],"line":17},"3":{"loc":{"start":{"line":21,"column":11},"end":{"line":21,"column":58}},"type":"binary-expr","locations":[{"start":{"line":21,"column":11},"end":{"line":21,"column":30}},{"start":{"line":21,"column":34},"end":{"line":21,"column":58}}],"line":21},"4":{"loc":{"start":{"line":25,"column":4},"end":{"line":25,"column":52}},"type":"if","locations":[{"start":{"line":25,"column":4},"end":{"line":25,"column":52}},{"start":{},"end":{}}],"line":25},"5":{"loc":{"start":{"line":30,"column":4},"end":{"line":30,"column":52}},"type":"if","locations":[{"start":{"line":30,"column":4},"end":{"line":30,"column":52}},{"start":{},"end":{}}],"line":30},"6":{"loc":{"start":{"line":35,"column":4},"end":{"line":35,"column":46}},"type":"if","locations":[{"start":{"line":35,"column":4},"end":{"line":35,"column":46}},{"start":{},"end":{}}],"line":35}},"s":{"0":10,"1":1,"2":9,"3":2,"4":6,"5":4,"6":7,"7":1,"8":6,"9":0,"10":0,"11":0,"12":4,"13":1,"14":3},"f":{"0":11,"1":10,"2":2,"3":6,"4":4,"5":7,"6":0,"7":4},"b":{"0":[1,9],"1":[10,9],"2":[5,1],"3":[4,3],"4":[1,6],"5":[0,0],"6":[1,3]},"_coverageSchema":"1a1c01bbd47fc00a2c39e90264f33305004495a9","hash":"03550967c8ab3f3fa1b3542f508311c038809154"}
,"/Users/raulandrade/my-projects/ts-fp/src/pipe/pipe.ts": {"path":"/Users/raulandrade/my-projects/ts-fp/src/pipe/pipe.ts","statementMap":{"0":{"start":{"line":6,"column":2},"end":{"line":8,"column":64}},"1":{"start":{"line":7,"column":2},"end":{"line":8,"column":64}},"2":{"start":{"line":8,"column":4},"end":{"line":8,"column":64}},"3":{"start":{"line":8,"column":39},"end":{"line":8,"column":56}}},"fnMap":{"0":{"name":"(anonymous_0)","decl":{"start":{"line":6,"column":2},"end":{"line":6,"column":3}},"loc":{"start":{"line":7,"column":2},"end":{"line":8,"column":64}},"line":7},"1":{"name":"(anonymous_1)","decl":{"start":{"line":7,"column":2},"end":{"line":7,"column":3}},"loc":{"start":{"line":8,"column":4},"end":{"line":8,"column":64}},"line":8},"2":{"name":"(anonymous_2)","decl":{"start":{"line":8,"column":16},"end":{"line":8,"column":17}},"loc":{"start":{"line":8,"column":39},"end":{"line":8,"column":56}},"line":8}},"branchMap":{},"s":{"0":1,"1":3,"2":3,"3":8},"f":{"0":3,"1":3,"2":8},"b":{},"_coverageSchema":"1a1c01bbd47fc00a2c39e90264f33305004495a9","hash":"27a9dd0dec4aae30b07974bdcb224b00695c6fd0"}
,"/Users/raulandrade/my-projects/ts-fp/src/take-until/take-until.ts": {"path":"/Users/raulandrade/my-projects/ts-fp/src/take-until/take-until.ts","statementMap":{"0":{"start":{"line":7,"column":2},"end":{"line":9,"column":30}},"1":{"start":{"line":8,"column":2},"end":{"line":9,"column":30}},"2":{"start":{"line":9,"column":4},"end":{"line":9,"column":30}}},"fnMap":{"0":{"name":"(anonymous_0)","decl":{"start":{"line":7,"column":2},"end":{"line":7,"column":3}},"loc":{"start":{"line":8,"column":2},"end":{"line":9,"column":30}},"line":8},"1":{"name":"(anonymous_1)","decl":{"start":{"line":8,"column":2},"end":{"line":8,"column":3}},"loc":{"start":{"line":9,"column":4},"end":{"line":9,"column":30}},"line":9}},"branchMap":{"0":{"loc":{"start":{"line":9,"column":4},"end":{"line":9,"column":30}},"type":"binary-expr","locations":[{"start":{"line":9,"column":4},"end":{"line":9,"column":15}},{"start":{"line":9,"column":19},"end":{"line":9,"column":30}}],"line":9}},"s":{"0":1,"1":2,"2":10},"f":{"0":2,"1":10},"b":{"0":[10,7]},"_coverageSchema":"1a1c01bbd47fc00a2c39e90264f33305004495a9","hash":"1162fbc4d010d56df35c7488f7dbde4346550054"}
}
