TN:
SF:src/compose/compose.ts
FN:6,(anonymous_0)
FN:7,(anonymous_1)
FN:8,(anonymous_2)
FNF:3
FNH:3
FNDA:3,(anonymous_0)
FNDA:3,(anonymous_1)
FNDA:8,(anonymous_2)
DA:6,1
DA:7,3
DA:8,8
LF:3
LH:3
BRF:0
BRH:0
end_of_record
TN:
SF:src/debounce/debounce.ts
FN:6,(anonymous_0)
FN:8,(anonymous_1)
FNF:2
FNH:2
FNDA:2,(anonymous_0)
FNDA:8,(anonymous_1)
DA:6,1
DA:7,2
DA:8,2
DA:9,8
DA:10,8
LF:5
LH:5
BRF:0
BRH:0
end_of_record
TN:
SF:src/maybe/maybe.ts
FN:2,(anonymous_0)
FN:4,(anonymous_1)
FN:12,(anonymous_2)
FN:16,(anonymous_3)
FN:20,(anonymous_4)
FN:24,(anonymous_5)
FN:29,(anonymous_6)
FN:34,(anonymous_7)
FNF:8
FNH:7
FNDA:11,(anonymous_0)
FNDA:10,(anonymous_1)
FNDA:2,(anonymous_2)
FNDA:6,(anonymous_3)
FNDA:4,(anonymous_4)
FNDA:7,(anonymous_5)
FNDA:0,(anonymous_6)
FNDA:4,(anonymous_7)
DA:5,10
DA:6,1
DA:9,9
DA:13,2
DA:17,6
DA:21,4
DA:25,7
DA:26,6
DA:30,0
DA:31,0
DA:35,4
DA:36,3
LF:12
LH:10
BRDA:5,0,0,1
BRDA:5,0,1,9
BRDA:5,1,0,10
BRDA:5,1,1,9
BRDA:17,2,0,5
BRDA:17,2,1,1
BRDA:21,3,0,4
BRDA:21,3,1,3
BRDA:25,4,0,1
BRDA:25,4,1,6
BRDA:30,5,0,0
BRDA:30,5,1,0
BRDA:35,6,0,1
BRDA:35,6,1,3
BRF:14
BRH:12
end_of_record
TN:
SF:src/pipe/pipe.ts
FN:6,(anonymous_0)
FN:7,(anonymous_1)
FN:8,(anonymous_2)
FNF:3
FNH:3
FNDA:3,(anonymous_0)
FNDA:3,(anonymous_1)
FNDA:8,(anonymous_2)
DA:6,1
DA:7,3
DA:8,8
LF:3
LH:3
BRF:0
BRH:0
end_of_record
TN:
SF:src/take-until/take-until.ts
FN:7,(anonymous_0)
FN:8,(anonymous_1)
FNF:2
FNH:2
FNDA:2,(anonymous_0)
FNDA:10,(anonymous_1)
DA:7,1
DA:8,2
DA:9,10
LF:3
LH:3
BRDA:9,0,0,10
BRDA:9,0,1,7
BRF:2
BRH:2
end_of_record
